<?xml version="1.0" encoding="UTF-8"?>
<!-- Generated by org.testng.reporters.JUnitReportReporter -->
<testsuite hostname="Rohan" failures="0" tests="1" name="Test.ZerodhaSignPageTest" time="13.812" errors="0" timestamp="2022-06-13T13:46:49 IST" skipped="0">
  <testcase classname="Test.ZerodhaSignPageTest" name="zerodhasignwithnumber" time="13.812"/>
  <system-out/>
</testsuite> <!-- Test.ZerodhaSignPageTest -->
