<?xml version="1.0" encoding="UTF-8"?>
<!-- Generated by org.testng.reporters.JUnitReportReporter -->
<testsuite hostname="Rohan" failures="0" tests="1" name="Test.LoginPinTest" time="16.427" errors="0" timestamp="2022-06-16T17:58:06 IST" skipped="0">
  <testcase classname="Test.LoginPinTest" name="loginToZerodhaWithPinTest" time="16.427"/>
  <system-out/>
</testsuite> <!-- Test.LoginPinTest -->
