<?xml version="1.0" encoding="UTF-8"?>
<!-- Generated by org.testng.reporters.JUnitReportReporter -->
<testsuite hostname="Rohan" failures="0" tests="3" name="POM.ZerodaHomePage" time="0.029" errors="0" timestamp="2022-06-01T22:23:31 IST" skipped="0">
  <testcase classname="POM.ZerodaHomePage" name="LoginInvalidCrenditails" time="0.015"/>
  <system-out/>
  <testcase classname="POM.ZerodaHomePage" name="LoginPageTest" time="0.007"/>
  <system-out/>
  <testcase classname="POM.ZerodaHomePage" name="LoginPageOpen" time="0.007"/>
  <system-out/>
</testsuite> <!-- POM.ZerodaHomePage -->
