<?xml version="1.0" encoding="UTF-8"?>
<!-- Generated by org.testng.reporters.JUnitReportReporter -->
<testsuite hostname="Rohan" failures="0" tests="3" name="POM.ZerodaLoginPageTest" time="0.017" errors="0" timestamp="2022-06-01T21:50:19 IST" skipped="0">
  <testcase classname="POM.ZerodaLoginPageTest" name="testC" time="0.002"/>
  <system-out/>
  <testcase classname="POM.ZerodaLoginPageTest" name="testA" time="0.011"/>
  <system-out/>
  <testcase classname="POM.ZerodaLoginPageTest" name="testB" time="0.004"/>
  <system-out/>
</testsuite> <!-- POM.ZerodaLoginPageTest -->
